-- Install configuration: ""
-- Up-to-date: /home/snoopy/Desktop/fishros_learn/chapt6/chapt6_ws/install/fishbot_description/share/fishbot_description//launch
-- Installing: /home/snoopy/Desktop/fishros_learn/chapt6/chapt6_ws/install/fishbot_description/share/fishbot_description//launch/log
-- Installing: /home/snoopy/Desktop/fishros_learn/chapt6/chapt6_ws/install/fishbot_description/share/fishbot_description//launch/log/latest_build
-- Installing: /home/snoopy/Desktop/fishros_learn/chapt6/chapt6_ws/install/fishbot_description/share/fishbot_description//launch/log/COLCON_IGNORE
-- Installing: /home/snoopy/Desktop/fishros_learn/chapt6/chapt6_ws/install/fishbot_description/share/fishbot_description//launch/log/latest
-- Installing: /home/snoopy/Desktop/fishros_learn/chapt6/chapt6_ws/install/fishbot_description/share/fishbot_description//launch/log/build_2026-03-19_22-07-31
-- Installing: /home/snoopy/Desktop/fishros_learn/chapt6/chapt6_ws/install/fishbot_description/share/fishbot_description//launch/log/build_2026-03-19_22-07-31/logger_all.log
-- Installing: /home/snoopy/Desktop/fishros_learn/chapt6/chapt6_ws/install/fishbot_description/share/fishbot_description//launch/log/build_2026-03-19_22-07-31/events.log
-- Installing: /home/snoopy/Desktop/fishros_learn/chapt6/chapt6_ws/install/fishbot_description/share/fishbot_description//launch/install
-- Installing: /home/snoopy/Desktop/fishros_learn/chapt6/chapt6_ws/install/fishbot_description/share/fishbot_description//launch/install/local_setup.ps1
-- Installing: /home/snoopy/Desktop/fishros_learn/chapt6/chapt6_ws/install/fishbot_description/share/fishbot_description//launch/install/COLCON_IGNORE
-- Installing: /home/snoopy/Desktop/fishros_learn/chapt6/chapt6_ws/install/fishbot_description/share/fishbot_description//launch/install/_local_setup_util_ps1.py
-- Installing: /home/snoopy/Desktop/fishros_learn/chapt6/chapt6_ws/install/fishbot_description/share/fishbot_description//launch/install/local_setup.bash
-- Installing: /home/snoopy/Desktop/fishros_learn/chapt6/chapt6_ws/install/fishbot_description/share/fishbot_description//launch/install/setup.ps1
-- Installing: /home/snoopy/Desktop/fishros_learn/chapt6/chapt6_ws/install/fishbot_description/share/fishbot_description//launch/install/local_setup.sh
-- Installing: /home/snoopy/Desktop/fishros_learn/chapt6/chapt6_ws/install/fishbot_description/share/fishbot_description//launch/install/setup.bash
-- Installing: /home/snoopy/Desktop/fishros_learn/chapt6/chapt6_ws/install/fishbot_description/share/fishbot_description//launch/install/.colcon_install_layout
-- Installing: /home/snoopy/Desktop/fishros_learn/chapt6/chapt6_ws/install/fishbot_description/share/fishbot_description//launch/install/setup.zsh
-- Installing: /home/snoopy/Desktop/fishros_learn/chapt6/chapt6_ws/install/fishbot_description/share/fishbot_description//launch/install/local_setup.zsh
-- Installing: /home/snoopy/Desktop/fishros_learn/chapt6/chapt6_ws/install/fishbot_description/share/fishbot_description//launch/install/_local_setup_util_sh.py
-- Installing: /home/snoopy/Desktop/fishros_learn/chapt6/chapt6_ws/install/fishbot_description/share/fishbot_description//launch/install/setup.sh
-- Installing: /home/snoopy/Desktop/fishros_learn/chapt6/chapt6_ws/install/fishbot_description/share/fishbot_description//launch/display_robot.launch.py
-- Installing: /home/snoopy/Desktop/fishros_learn/chapt6/chapt6_ws/install/fishbot_description/share/fishbot_description//launch/build
-- Installing: /home/snoopy/Desktop/fishros_learn/chapt6/chapt6_ws/install/fishbot_description/share/fishbot_description//launch/build/COLCON_IGNORE
-- Installing: /home/snoopy/Desktop/fishros_learn/chapt6/chapt6_ws/install/fishbot_description/share/fishbot_description//launch/build/.built_by
-- Installing: /home/snoopy/Desktop/fishros_learn/chapt6/chapt6_ws/install/fishbot_description/share/fishbot_description//launch/__pycache__
-- Installing: /home/snoopy/Desktop/fishros_learn/chapt6/chapt6_ws/install/fishbot_description/share/fishbot_description//launch/__pycache__/display_robot.launch.cpython-310.pyc
-- Up-to-date: /home/snoopy/Desktop/fishros_learn/chapt6/chapt6_ws/install/fishbot_description/share/fishbot_description//urdf
-- Up-to-date: /home/snoopy/Desktop/fishros_learn/chapt6/chapt6_ws/install/fishbot_description/share/fishbot_description//urdf/robot_name.pdf
-- Up-to-date: /home/snoopy/Desktop/fishros_learn/chapt6/chapt6_ws/install/fishbot_description/share/fishbot_description//urdf/first_robot.urdf
-- Up-to-date: /home/snoopy/Desktop/fishros_learn/chapt6/chapt6_ws/install/fishbot_description/share/fishbot_description//urdf/robot_name.gv
-- Up-to-date: /home/snoopy/Desktop/fishros_learn/chapt6/chapt6_ws/install/fishbot_description/share/ament_index/resource_index/package_run_dependencies/fishbot_description
-- Up-to-date: /home/snoopy/Desktop/fishros_learn/chapt6/chapt6_ws/install/fishbot_description/share/ament_index/resource_index/parent_prefix_path/fishbot_description
-- Up-to-date: /home/snoopy/Desktop/fishros_learn/chapt6/chapt6_ws/install/fishbot_description/share/fishbot_description/environment/ament_prefix_path.sh
-- Up-to-date: /home/snoopy/Desktop/fishros_learn/chapt6/chapt6_ws/install/fishbot_description/share/fishbot_description/environment/ament_prefix_path.dsv
-- Up-to-date: /home/snoopy/Desktop/fishros_learn/chapt6/chapt6_ws/install/fishbot_description/share/fishbot_description/environment/path.sh
-- Up-to-date: /home/snoopy/Desktop/fishros_learn/chapt6/chapt6_ws/install/fishbot_description/share/fishbot_description/environment/path.dsv
-- Up-to-date: /home/snoopy/Desktop/fishros_learn/chapt6/chapt6_ws/install/fishbot_description/share/fishbot_description/local_setup.bash
-- Up-to-date: /home/snoopy/Desktop/fishros_learn/chapt6/chapt6_ws/install/fishbot_description/share/fishbot_description/local_setup.sh
-- Up-to-date: /home/snoopy/Desktop/fishros_learn/chapt6/chapt6_ws/install/fishbot_description/share/fishbot_description/local_setup.zsh
-- Up-to-date: /home/snoopy/Desktop/fishros_learn/chapt6/chapt6_ws/install/fishbot_description/share/fishbot_description/local_setup.dsv
-- Installing: /home/snoopy/Desktop/fishros_learn/chapt6/chapt6_ws/install/fishbot_description/share/fishbot_description/package.dsv
-- Up-to-date: /home/snoopy/Desktop/fishros_learn/chapt6/chapt6_ws/install/fishbot_description/share/ament_index/resource_index/packages/fishbot_description
-- Up-to-date: /home/snoopy/Desktop/fishros_learn/chapt6/chapt6_ws/install/fishbot_description/share/fishbot_description/cmake/fishbot_descriptionConfig.cmake
-- Up-to-date: /home/snoopy/Desktop/fishros_learn/chapt6/chapt6_ws/install/fishbot_description/share/fishbot_description/cmake/fishbot_descriptionConfig-version.cmake
-- Up-to-date: /home/snoopy/Desktop/fishros_learn/chapt6/chapt6_ws/install/fishbot_description/share/fishbot_description/package.xml
