[0.006s] Invoking command in '/home/snoopy/Desktop/fishros_learn/chapt6/chapt6_ws/build/fishbot_description': CMAKE_PREFIX_PATH=/opt/ros/humble CONDA_PROMPT_MODIFIER=(base) /usr/bin/cmake --build /home/snoopy/Desktop/fishros_learn/chapt6/chapt6_ws/build/fishbot_description -- -j32 -l32
[0.030s] -- Found ament_cmake: 1.3.11 (/opt/ros/humble/share/ament_cmake/cmake)
[0.192s] -- Found ament_lint_auto: 0.12.12 (/opt/ros/humble/share/ament_lint_auto/cmake)
[0.262s] -- Added test 'lint_cmake' to check CMake code style
[0.262s] -- Added test 'xmllint' to check XML markup files
[0.262s] -- Configuring done
[0.263s] -- Generating done
[0.264s] -- Build files have been written to: /home/snoopy/Desktop/fishros_learn/chapt6/chapt6_ws/build/fishbot_description
[0.282s] Invoked command in '/home/snoopy/Desktop/fishros_learn/chapt6/chapt6_ws/build/fishbot_description' returned '0': CMAKE_PREFIX_PATH=/opt/ros/humble CONDA_PROMPT_MODIFIER=(base) /usr/bin/cmake --build /home/snoopy/Desktop/fishros_learn/chapt6/chapt6_ws/build/fishbot_description -- -j32 -l32
[0.295s] Invoking command in '/home/snoopy/Desktop/fishros_learn/chapt6/chapt6_ws/build/fishbot_description': CMAKE_PREFIX_PATH=/opt/ros/humble CONDA_PROMPT_MODIFIER=(base) /usr/bin/cmake --install /home/snoopy/Desktop/fishros_learn/chapt6/chapt6_ws/build/fishbot_description
[0.303s] -- Install configuration: ""
[0.303s] -- Installing: /home/snoopy/Desktop/fishros_learn/chapt6/chapt6_ws/install/fishbot_description/share/fishbot_description//urdf
[0.303s] -- Installing: /home/snoopy/Desktop/fishros_learn/chapt6/chapt6_ws/install/fishbot_description/share/fishbot_description//urdf/robot_name.pdf
[0.303s] -- Installing: /home/snoopy/Desktop/fishros_learn/chapt6/chapt6_ws/install/fishbot_description/share/fishbot_description//urdf/first_robot.urdf
[0.303s] -- Installing: /home/snoopy/Desktop/fishros_learn/chapt6/chapt6_ws/install/fishbot_description/share/fishbot_description//urdf/robot_name.gv
[0.304s] -- Installing: /home/snoopy/Desktop/fishros_learn/chapt6/chapt6_ws/install/fishbot_description/share/ament_index/resource_index/package_run_dependencies/fishbot_description
[0.304s] -- Installing: /home/snoopy/Desktop/fishros_learn/chapt6/chapt6_ws/install/fishbot_description/share/ament_index/resource_index/parent_prefix_path/fishbot_description
[0.304s] -- Installing: /home/snoopy/Desktop/fishros_learn/chapt6/chapt6_ws/install/fishbot_description/share/fishbot_description/environment/ament_prefix_path.sh
[0.304s] -- Installing: /home/snoopy/Desktop/fishros_learn/chapt6/chapt6_ws/install/fishbot_description/share/fishbot_description/environment/ament_prefix_path.dsv
[0.304s] -- Installing: /home/snoopy/Desktop/fishros_learn/chapt6/chapt6_ws/install/fishbot_description/share/fishbot_description/environment/path.sh
[0.304s] -- Installing: /home/snoopy/Desktop/fishros_learn/chapt6/chapt6_ws/install/fishbot_description/share/fishbot_description/environment/path.dsv
[0.305s] -- Installing: /home/snoopy/Desktop/fishros_learn/chapt6/chapt6_ws/install/fishbot_description/share/fishbot_description/local_setup.bash
[0.305s] -- Installing: /home/snoopy/Desktop/fishros_learn/chapt6/chapt6_ws/install/fishbot_description/share/fishbot_description/local_setup.sh
[0.305s] -- Installing: /home/snoopy/Desktop/fishros_learn/chapt6/chapt6_ws/install/fishbot_description/share/fishbot_description/local_setup.zsh
[0.305s] -- Installing: /home/snoopy/Desktop/fishros_learn/chapt6/chapt6_ws/install/fishbot_description/share/fishbot_description/local_setup.dsv
[0.305s] -- Installing: /home/snoopy/Desktop/fishros_learn/chapt6/chapt6_ws/install/fishbot_description/share/fishbot_description/package.dsv
[0.305s] -- Installing: /home/snoopy/Desktop/fishros_learn/chapt6/chapt6_ws/install/fishbot_description/share/ament_index/resource_index/packages/fishbot_description
[0.306s] -- Installing: /home/snoopy/Desktop/fishros_learn/chapt6/chapt6_ws/install/fishbot_description/share/fishbot_description/cmake/fishbot_descriptionConfig.cmake
[0.306s] -- Installing: /home/snoopy/Desktop/fishros_learn/chapt6/chapt6_ws/install/fishbot_description/share/fishbot_description/cmake/fishbot_descriptionConfig-version.cmake
[0.306s] -- Installing: /home/snoopy/Desktop/fishros_learn/chapt6/chapt6_ws/install/fishbot_description/share/fishbot_description/package.xml
[0.308s] Invoked command in '/home/snoopy/Desktop/fishros_learn/chapt6/chapt6_ws/build/fishbot_description' returned '0': CMAKE_PREFIX_PATH=/opt/ros/humble CONDA_PROMPT_MODIFIER=(base) /usr/bin/cmake --install /home/snoopy/Desktop/fishros_learn/chapt6/chapt6_ws/build/fishbot_description
