[0.011s] Invoking command in '/home/snoopy/Desktop/fishros_learn/chapt6/chapt6_ws/build/fishbot_description': CMAKE_PREFIX_PATH=/opt/ros/humble CONDA_PROMPT_MODIFIER=(base) /usr/bin/cmake /home/snoopy/Desktop/fishros_learn/chapt6/chapt6_ws/src/fishbot_description -DCMAKE_INSTALL_PREFIX=/home/snoopy/Desktop/fishros_learn/chapt6/chapt6_ws/install/fishbot_description
[0.137s] -- The C compiler identification is GNU 11.4.0
[0.234s] -- The CXX compiler identification is GNU 11.4.0
[0.251s] -- Detecting C compiler ABI info
[0.363s] -- Detecting C compiler ABI info - done
[0.375s] -- Check for working C compiler: /usr/bin/cc - skipped
[0.376s] -- Detecting C compile features
[0.376s] -- Detecting C compile features - done
[0.382s] -- Detecting CXX compiler ABI info
[0.504s] -- Detecting CXX compiler ABI info - done
[0.517s] -- Check for working CXX compiler: /usr/bin/c++ - skipped
[0.517s] -- Detecting CXX compile features
[0.518s] -- Detecting CXX compile features - done
[0.526s] -- Found ament_cmake: 1.3.11 (/opt/ros/humble/share/ament_cmake/cmake)
[1.057s] -- Found Python3: /home/snoopy/anaconda3/bin/python3 (found version "3.12.7") found components: Interpreter 
[1.215s] -- Found ament_lint_auto: 0.12.12 (/opt/ros/humble/share/ament_lint_auto/cmake)
[1.387s] -- Added test 'lint_cmake' to check CMake code style
[1.389s] -- Added test 'xmllint' to check XML markup files
[1.391s] -- Configuring done
[1.394s] -- Generating done
[1.396s] -- Build files have been written to: /home/snoopy/Desktop/fishros_learn/chapt6/chapt6_ws/build/fishbot_description
[1.403s] Invoked command in '/home/snoopy/Desktop/fishros_learn/chapt6/chapt6_ws/build/fishbot_description' returned '0': CMAKE_PREFIX_PATH=/opt/ros/humble CONDA_PROMPT_MODIFIER=(base) /usr/bin/cmake /home/snoopy/Desktop/fishros_learn/chapt6/chapt6_ws/src/fishbot_description -DCMAKE_INSTALL_PREFIX=/home/snoopy/Desktop/fishros_learn/chapt6/chapt6_ws/install/fishbot_description
[1.405s] Invoking command in '/home/snoopy/Desktop/fishros_learn/chapt6/chapt6_ws/build/fishbot_description': CMAKE_PREFIX_PATH=/opt/ros/humble CONDA_PROMPT_MODIFIER=(base) /usr/bin/cmake --build /home/snoopy/Desktop/fishros_learn/chapt6/chapt6_ws/build/fishbot_description -- -j32 -l32
[1.467s] Invoked command in '/home/snoopy/Desktop/fishros_learn/chapt6/chapt6_ws/build/fishbot_description' returned '0': CMAKE_PREFIX_PATH=/opt/ros/humble CONDA_PROMPT_MODIFIER=(base) /usr/bin/cmake --build /home/snoopy/Desktop/fishros_learn/chapt6/chapt6_ws/build/fishbot_description -- -j32 -l32
[1.480s] Invoking command in '/home/snoopy/Desktop/fishros_learn/chapt6/chapt6_ws/build/fishbot_description': CMAKE_PREFIX_PATH=/opt/ros/humble CONDA_PROMPT_MODIFIER=(base) /usr/bin/cmake --install /home/snoopy/Desktop/fishros_learn/chapt6/chapt6_ws/build/fishbot_description
[1.492s] -- Install configuration: ""
[1.492s] [31mCMake Error at cmake_install.cmake:46 (file):
[1.492s]   file INSTALL cannot find
[1.492s]   "/home/snoopy/Desktop/fishros_learn/chapt6/chapt6_ws/src/fishbot_description/launch":
[1.492s]   No such file or directory.
[1.492s] 
[1.492s] [0m
[1.494s] Invoked command in '/home/snoopy/Desktop/fishros_learn/chapt6/chapt6_ws/build/fishbot_description' returned '1': CMAKE_PREFIX_PATH=/opt/ros/humble CONDA_PROMPT_MODIFIER=(base) /usr/bin/cmake --install /home/snoopy/Desktop/fishros_learn/chapt6/chapt6_ws/build/fishbot_description
