-- Found ament_cmake: 1.3.11 (/opt/ros/humble/share/ament_cmake/cmake)
-- Found ament_lint_auto: 0.12.12 (/opt/ros/humble/share/ament_lint_auto/cmake)
-- Added test 'flake8' to check Python code syntax and style conventions
-- Added test 'lint_cmake' to check CMake code style
-- Added test 'pep257' to check Python code against some of the docstring style conventions in PEP 257
-- Added test 'xmllint' to check XML markup files
-- Configuring done
-- Generating done
-- Build files have been written to: /home/snoopy/Desktop/fishros_learn/chapt6/chapt6_ws/build/fishbot_description
-- Install configuration: ""
-- Up-to-date: /home/snoopy/Desktop/fishros_learn/chapt6/chapt6_ws/install/fishbot_description/share/fishbot_description//launch
-- Up-to-date: /home/snoopy/Desktop/fishros_learn/chapt6/chapt6_ws/install/fishbot_description/share/fishbot_description//launch/log
-- Up-to-date: /home/snoopy/Desktop/fishros_learn/chapt6/chapt6_ws/install/fishbot_description/share/fishbot_description//launch/log/latest_build
-- Up-to-date: /home/snoopy/Desktop/fishros_learn/chapt6/chapt6_ws/install/fishbot_description/share/fishbot_description//launch/log/COLCON_IGNORE
-- Up-to-date: /home/snoopy/Desktop/fishros_learn/chapt6/chapt6_ws/install/fishbot_description/share/fishbot_description//launch/log/latest
-- Up-to-date: /home/snoopy/Desktop/fishros_learn/chapt6/chapt6_ws/install/fishbot_description/share/fishbot_description//launch/log/build_2026-03-19_22-07-31
-- Up-to-date: /home/snoopy/Desktop/fishros_learn/chapt6/chapt6_ws/install/fishbot_description/share/fishbot_description//launch/log/build_2026-03-19_22-07-31/logger_all.log
-- Up-to-date: /home/snoopy/Desktop/fishros_learn/chapt6/chapt6_ws/install/fishbot_description/share/fishbot_description//launch/log/build_2026-03-19_22-07-31/events.log
-- Up-to-date: /home/snoopy/Desktop/fishros_learn/chapt6/chapt6_ws/install/fishbot_description/share/fishbot_description//launch/install
-- Up-to-date: /home/snoopy/Desktop/fishros_learn/chapt6/chapt6_ws/install/fishbot_description/share/fishbot_description//launch/install/local_setup.ps1
-- Up-to-date: /home/snoopy/Desktop/fishros_learn/chapt6/chapt6_ws/install/fishbot_description/share/fishbot_description//launch/install/COLCON_IGNORE
-- Up-to-date: /home/snoopy/Desktop/fishros_learn/chapt6/chapt6_ws/install/fishbot_description/share/fishbot_description//launch/install/_local_setup_util_ps1.py
-- Up-to-date: /home/snoopy/Desktop/fishros_learn/chapt6/chapt6_ws/install/fishbot_description/share/fishbot_description//launch/install/local_setup.bash
-- Up-to-date: /home/snoopy/Desktop/fishros_learn/chapt6/chapt6_ws/install/fishbot_description/share/fishbot_description//launch/install/setup.ps1
-- Up-to-date: /home/snoopy/Desktop/fishros_learn/chapt6/chapt6_ws/install/fishbot_description/share/fishbot_description//launch/install/local_setup.sh
-- Up-to-date: /home/snoopy/Desktop/fishros_learn/chapt6/chapt6_ws/install/fishbot_description/share/fishbot_description//launch/install/setup.bash
-- Up-to-date: /home/snoopy/Desktop/fishros_learn/chapt6/chapt6_ws/install/fishbot_description/share/fishbot_description//launch/install/.colcon_install_layout
-- Up-to-date: /home/snoopy/Desktop/fishros_learn/chapt6/chapt6_ws/install/fishbot_description/share/fishbot_description//launch/install/setup.zsh
-- Up-to-date: /home/snoopy/Desktop/fishros_learn/chapt6/chapt6_ws/install/fishbot_description/share/fishbot_description//launch/install/local_setup.zsh
-- Up-to-date: /home/snoopy/Desktop/fishros_learn/chapt6/chapt6_ws/install/fishbot_description/share/fishbot_description//launch/install/_local_setup_util_sh.py
-- Up-to-date: /home/snoopy/Desktop/fishros_learn/chapt6/chapt6_ws/install/fishbot_description/share/fishbot_description//launch/install/setup.sh
-- Up-to-date: /home/snoopy/Desktop/fishros_learn/chapt6/chapt6_ws/install/fishbot_description/share/fishbot_description//launch/display_robot.launch.py
-- Up-to-date: /home/snoopy/Desktop/fishros_learn/chapt6/chapt6_ws/install/fishbot_description/share/fishbot_description//launch/build
-- Up-to-date: /home/snoopy/Desktop/fishros_learn/chapt6/chapt6_ws/install/fishbot_description/share/fishbot_description//launch/build/COLCON_IGNORE
-- Up-to-date: /home/snoopy/Desktop/fishros_learn/chapt6/chapt6_ws/install/fishbot_description/share/fishbot_description//launch/build/.built_by
-- Up-to-date: /home/snoopy/Desktop/fishros_learn/chapt6/chapt6_ws/install/fishbot_description/share/fishbot_description//launch/__pycache__
-- Up-to-date: /home/snoopy/Desktop/fishros_learn/chapt6/chapt6_ws/install/fishbot_description/share/fishbot_description//launch/__pycache__/display_robot.launch.cpython-310.pyc
-- Up-to-date: /home/snoopy/Desktop/fishros_learn/chapt6/chapt6_ws/install/fishbot_description/share/fishbot_description//urdf
-- Up-to-date: /home/snoopy/Desktop/fishros_learn/chapt6/chapt6_ws/install/fishbot_description/share/fishbot_description//urdf/robot_name.pdf
-- Up-to-date: /home/snoopy/Desktop/fishros_learn/chapt6/chapt6_ws/install/fishbot_description/share/fishbot_description//urdf/first_robot.urdf
-- Up-to-date: /home/snoopy/Desktop/fishros_learn/chapt6/chapt6_ws/install/fishbot_description/share/fishbot_description//urdf/robot_name.gv
-- Installing: /home/snoopy/Desktop/fishros_learn/chapt6/chapt6_ws/install/fishbot_description/share/fishbot_description//config
-- Installing: /home/snoopy/Desktop/fishros_learn/chapt6/chapt6_ws/install/fishbot_description/share/fishbot_description//config/display_robot_model.rviz
-- Up-to-date: /home/snoopy/Desktop/fishros_learn/chapt6/chapt6_ws/install/fishbot_description/share/ament_index/resource_index/package_run_dependencies/fishbot_description
-- Up-to-date: /home/snoopy/Desktop/fishros_learn/chapt6/chapt6_ws/install/fishbot_description/share/ament_index/resource_index/parent_prefix_path/fishbot_description
-- Up-to-date: /home/snoopy/Desktop/fishros_learn/chapt6/chapt6_ws/install/fishbot_description/share/fishbot_description/environment/ament_prefix_path.sh
-- Installing: /home/snoopy/Desktop/fishros_learn/chapt6/chapt6_ws/install/fishbot_description/share/fishbot_description/environment/ament_prefix_path.dsv
-- Up-to-date: /home/snoopy/Desktop/fishros_learn/chapt6/chapt6_ws/install/fishbot_description/share/fishbot_description/environment/path.sh
-- Installing: /home/snoopy/Desktop/fishros_learn/chapt6/chapt6_ws/install/fishbot_description/share/fishbot_description/environment/path.dsv
-- Up-to-date: /home/snoopy/Desktop/fishros_learn/chapt6/chapt6_ws/install/fishbot_description/share/fishbot_description/local_setup.bash
-- Up-to-date: /home/snoopy/Desktop/fishros_learn/chapt6/chapt6_ws/install/fishbot_description/share/fishbot_description/local_setup.sh
-- Up-to-date: /home/snoopy/Desktop/fishros_learn/chapt6/chapt6_ws/install/fishbot_description/share/fishbot_description/local_setup.zsh
-- Installing: /home/snoopy/Desktop/fishros_learn/chapt6/chapt6_ws/install/fishbot_description/share/fishbot_description/local_setup.dsv
-- Installing: /home/snoopy/Desktop/fishros_learn/chapt6/chapt6_ws/install/fishbot_description/share/fishbot_description/package.dsv
-- Up-to-date: /home/snoopy/Desktop/fishros_learn/chapt6/chapt6_ws/install/fishbot_description/share/ament_index/resource_index/packages/fishbot_description
-- Up-to-date: /home/snoopy/Desktop/fishros_learn/chapt6/chapt6_ws/install/fishbot_description/share/fishbot_description/cmake/fishbot_descriptionConfig.cmake
-- Up-to-date: /home/snoopy/Desktop/fishros_learn/chapt6/chapt6_ws/install/fishbot_description/share/fishbot_description/cmake/fishbot_descriptionConfig-version.cmake
-- Up-to-date: /home/snoopy/Desktop/fishros_learn/chapt6/chapt6_ws/install/fishbot_description/share/fishbot_description/package.xml
